Info: Starting: Create HDL design files for synthesis
Info: qsys-generate /home/vboxuser/diplom/qemu2/fpga/de1_soc_uart/hps_uart_bridge/soc_system.qsys --synthesis=VERILOG --output-directory=/home/vboxuser/diplom/qemu2/fpga/de1_soc_uart/hps_uart_bridge/soc_system/synthesis --family="Cyclone V" --part=5CSEMA5F31C6
Progress: Loading hps_uart_bridge/soc_system.qsys
Progress: Reading input file
Progress: Adding clk_0 [altera_clock_bridge 25.1]
Progress: Parameterizing module clk_0
Progress: Adding hps_0 [altera_hps 25.1]
Progress: Parameterizing module hps_0
Progress: Adding uart_0 [uart16550_avalon 1.0]
Progress: Parameterizing module uart_0
Progress: Building connections
Progress: Parameterizing connections
Progress: Validating
Progress: Done reading input file
Info: soc_system.hps_0: HPS Main PLL counter settings: n = 0  m = 73
Info: soc_system.hps_0: HPS peripherial PLL counter settings: n = 0  m = 39
Warning: soc_system.hps_0: "Configuration/HPS-to-FPGA user 0 clock frequency" (desired_cfg_clk_mhz) requested 100.0 MHz, but only achieved 97.368421 MHz
Warning: soc_system.hps_0: 1 or more output clock frequencies cannot be achieved precisely, consider revising desired output clock frequencies.
Warning: soc_system.hps_0: HPS model no longer supports simulation for HPS FPGA Bridges.
Warning: soc_system.hps_0: ODT is disabled. Enabling ODT (Mode Register 1) may improve signal integrity
Warning: soc_system.hps_0: set_interface_assignment: Interface "hps_io" does not exist
Warning: soc_system.uart_0: Interrupt sender uart_0.interrupt_sender is not connected to an interrupt receiver
Info: soc_system: Generating "soc_system" for QUARTUS_SYNTH
Info: Interconnect is inserted between master hps_0.h2f_lw_axi_master and slave uart_0.avalon_slave because the master is of type axi and the slave is of type avalon.
Info: hps_0: "Running  for module: hps_0"
Info: hps_0: HPS Main PLL counter settings: n = 0  m = 73
Info: hps_0: HPS peripherial PLL counter settings: n = 0  m = 39
Warning: hps_0: "Configuration/HPS-to-FPGA user 0 clock frequency" (desired_cfg_clk_mhz) requested 100.0 MHz, but only achieved 97.368421 MHz
Warning: hps_0: 1 or more output clock frequencies cannot be achieved precisely, consider revising desired output clock frequencies.
Warning: hps_0: HPS model no longer supports simulation for HPS FPGA Bridges.
Warning: hps_0: ODT is disabled. Enabling ODT (Mode Register 1) may improve signal integrity
Warning: hps_0: set_interface_assignment: Interface "hps_io" does not exist
Info: hps_0: "soc_system" instantiated altera_hps "hps_0"
Info: uart_0: "soc_system" instantiated uart16550_avalon "uart_0"
Info: avalon_st_adapter: Inserting error_adapter: error_adapter_0
Info: mm_interconnect_0: "soc_system" instantiated altera_mm_interconnect "mm_interconnect_0"
Info: rst_controller: "soc_system" instantiated altera_reset_controller "rst_controller"
Info: fpga_interfaces: "hps_0" instantiated altera_interface_generator "fpga_interfaces"
Info: hps_io: "hps_0" instantiated altera_hps_io "hps_io"
Info: uart_0_avalon_slave_translator: "mm_interconnect_0" instantiated altera_merlin_slave_translator "uart_0_avalon_slave_translator"
Info: hps_0_h2f_lw_axi_master_agent: "mm_interconnect_0" instantiated altera_merlin_axi_master_ni "hps_0_h2f_lw_axi_master_agent"
Info: uart_0_avalon_slave_agent: "mm_interconnect_0" instantiated altera_merlin_slave_agent "uart_0_avalon_slave_agent"
Info: uart_0_avalon_slave_agent_rsp_fifo: "mm_interconnect_0" instantiated altera_avalon_sc_fifo "uart_0_avalon_slave_agent_rsp_fifo"
Info: router: "mm_interconnect_0" instantiated altera_merlin_router "router"
Info: router_002: "mm_interconnect_0" instantiated altera_merlin_router "router_002"
Info: uart_0_avalon_slave_burst_adapter: "mm_interconnect_0" instantiated altera_merlin_burst_adapter "uart_0_avalon_slave_burst_adapter"
Info: Reusing file /home/vboxuser/diplom/qemu2/fpga/de1_soc_uart/hps_uart_bridge/soc_system/synthesis/submodules/altera_merlin_address_alignment.sv
Info: cmd_demux: "mm_interconnect_0" instantiated altera_merlin_demultiplexer "cmd_demux"
Info: cmd_mux: "mm_interconnect_0" instantiated altera_merlin_multiplexer "cmd_mux"
Info: rsp_demux: "mm_interconnect_0" instantiated altera_merlin_demultiplexer "rsp_demux"
Info: rsp_mux: "mm_interconnect_0" instantiated altera_merlin_multiplexer "rsp_mux"
Info: Reusing file /home/vboxuser/diplom/qemu2/fpga/de1_soc_uart/hps_uart_bridge/soc_system/synthesis/submodules/altera_merlin_arbitrator.sv
Info: avalon_st_adapter: "mm_interconnect_0" instantiated altera_avalon_st_adapter "avalon_st_adapter"
Info: border: "hps_io" instantiated altera_interface_generator "border"
Info: error_adapter_0: "avalon_st_adapter" instantiated error_adapter "error_adapter_0"
Info: soc_system: Done "soc_system" with 21 modules, 83 files
Info: qsys-generate succeeded.
Info: Finished: Create HDL design files for synthesis
