Analysis & Synthesis report for de1_soc_uart
Wed May  6 17:24:16 2026
Quartus Prime Version 25.1std.0 Build 1129 10/21/2025 SC Lite Edition


---------------------
; Table of Contents ;
---------------------
  1. Legal Notice
  2. Analysis & Synthesis Summary
  3. Analysis & Synthesis Settings
  4. Parallel Compilation
  5. Analysis & Synthesis Source Files Read
  6. Analysis & Synthesis Resource Usage Summary
  7. Analysis & Synthesis Resource Utilization by Entity
  8. State Machine - |de1_soc_uart_top|apb_uart_16550:u_uart|uart_16550_core:u|tsm
  9. State Machine - |de1_soc_uart_top|apb_uart_16550:u_uart|uart_16550_core:u|uart_rx:u_rx|st
 10. State Machine - |de1_soc_uart_top|apb_uart_16550:u_uart|uart_16550_core:u|uart_tx:u_tx|state
 11. Registers Removed During Synthesis
 12. Removed Registers Triggering Further Register Optimizations
 13. General Register Statistics
 14. Inverted Register Statistics
 15. Multiplexer Restructuring Statistics (Restructuring Performed)
 16. Parameter Settings for User Entity Instance: apb_uart_16550:u_uart
 17. Parameter Settings for User Entity Instance: apb_uart_16550:u_uart|uart_16550_core:u|uart_baud:u_bd
 18. Parameter Settings for User Entity Instance: apb_uart_16550:u_uart|uart_16550_core:u|uart_fifo:u_tf
 19. Parameter Settings for User Entity Instance: apb_uart_16550:u_uart|uart_16550_core:u|uart_fifo:u_rf
 20. Port Connectivity Checks: "apb_uart_16550:u_uart|uart_16550_core:u|uart_fifo:u_rf"
 21. Port Connectivity Checks: "apb_uart_16550:u_uart|uart_16550_core:u|uart_fifo:u_tf"
 22. Port Connectivity Checks: "apb_uart_16550:u_uart|uart_16550_core:u|uart_rx:u_rx"
 23. Port Connectivity Checks: "apb_uart_16550:u_uart|uart_16550_core:u"
 24. Port Connectivity Checks: "apb_uart_16550:u_uart"
 25. Post-Synthesis Netlist Statistics for Top Partition
 26. Elapsed Time Per Partition
 27. Analysis & Synthesis Messages



----------------
; Legal Notice ;
----------------
Copyright (C) 2025  Altera Corporation. All rights reserved.
Your use of Altera Corporation's design tools, logic functions 
and other software and tools, and any partner logic 
functions, and any output files from any of the foregoing 
(including device programming or simulation files), and any 
associated documentation or information are expressly subject 
to the terms and conditions of the Altera Program License 
Subscription Agreement, the Altera Quartus Prime License Agreement,
the Altera IP License Agreement, or other applicable license
agreement, including, without limitation, that your use is for
the sole purpose of programming logic devices manufactured by
Altera and sold by Altera or its authorized distributors.  Please
refer to the Altera Software License Subscription Agreements 
on the Quartus Prime software download page.



+-----------------------------------------------------------------------------------+
; Analysis & Synthesis Summary                                                      ;
+---------------------------------+-------------------------------------------------+
; Analysis & Synthesis Status     ; Successful - Wed May  6 17:24:16 2026           ;
; Quartus Prime Version           ; 25.1std.0 Build 1129 10/21/2025 SC Lite Edition ;
; Revision Name                   ; de1_soc_uart                                    ;
; Top-level Entity Name           ; de1_soc_uart_top                                ;
; Family                          ; Cyclone V                                       ;
; Logic utilization (in ALMs)     ; N/A                                             ;
; Total registers                 ; 399                                             ;
; Total pins                      ; 51                                              ;
; Total virtual pins              ; 0                                               ;
; Total block memory bits         ; 0                                               ;
; Total DSP Blocks                ; 0                                               ;
; Total HSSI RX PCSs              ; 0                                               ;
; Total HSSI PMA RX Deserializers ; 0                                               ;
; Total HSSI TX PCSs              ; 0                                               ;
; Total HSSI PMA TX Serializers   ; 0                                               ;
; Total PLLs                      ; 0                                               ;
; Total DLLs                      ; 0                                               ;
+---------------------------------+-------------------------------------------------+


+---------------------------------------------------------------------------------------------------------------------------+
; Analysis & Synthesis Settings                                                                                             ;
+---------------------------------------------------------------------------------+--------------------+--------------------+
; Option                                                                          ; Setting            ; Default Value      ;
+---------------------------------------------------------------------------------+--------------------+--------------------+
; Device                                                                          ; 5CSEMA5F31C6       ;                    ;
; Top-level entity name                                                           ; de1_soc_uart_top   ; de1_soc_uart       ;
; Family name                                                                     ; Cyclone V          ; Cyclone V          ;
; Use smart compilation                                                           ; Off                ; Off                ;
; Enable parallel Assembler and Timing Analyzer during compilation                ; On                 ; On                 ;
; Enable compact report table                                                     ; Off                ; Off                ;
; Restructure Multiplexers                                                        ; Auto               ; Auto               ;
; MLAB Add Timing Constraints For Mixed-Port Feed-Through Mode Setting Don't Care ; Off                ; Off                ;
; Create Debugging Nodes for IP Cores                                             ; Off                ; Off                ;
; Preserve fewer node names                                                       ; On                 ; On                 ;
; Intel FPGA IP Evaluation Mode                                                   ; Enable             ; Enable             ;
; Verilog Version                                                                 ; Verilog_2001       ; Verilog_2001       ;
; VHDL Version                                                                    ; VHDL_1993          ; VHDL_1993          ;
; State Machine Processing                                                        ; Auto               ; Auto               ;
; Safe State Machine                                                              ; Off                ; Off                ;
; Extract Verilog State Machines                                                  ; On                 ; On                 ;
; Extract VHDL State Machines                                                     ; On                 ; On                 ;
; Ignore Verilog initial constructs                                               ; Off                ; Off                ;
; Iteration limit for constant Verilog loops                                      ; 5000               ; 5000               ;
; Iteration limit for non-constant Verilog loops                                  ; 250                ; 250                ;
; Add Pass-Through Logic to Inferred RAMs                                         ; On                 ; On                 ;
; Infer RAMs from Raw Logic                                                       ; On                 ; On                 ;
; Parallel Synthesis                                                              ; On                 ; On                 ;
; DSP Block Balancing                                                             ; Auto               ; Auto               ;
; NOT Gate Push-Back                                                              ; On                 ; On                 ;
; Power-Up Don't Care                                                             ; On                 ; On                 ;
; Remove Redundant Logic Cells                                                    ; Off                ; Off                ;
; Remove Duplicate Registers                                                      ; On                 ; On                 ;
; Ignore CARRY Buffers                                                            ; Off                ; Off                ;
; Ignore CASCADE Buffers                                                          ; Off                ; Off                ;
; Ignore GLOBAL Buffers                                                           ; Off                ; Off                ;
; Ignore ROW GLOBAL Buffers                                                       ; Off                ; Off                ;
; Ignore LCELL Buffers                                                            ; Off                ; Off                ;
; Ignore SOFT Buffers                                                             ; On                 ; On                 ;
; Limit AHDL Integers to 32 Bits                                                  ; Off                ; Off                ;
; Optimization Technique                                                          ; Balanced           ; Balanced           ;
; Carry Chain Length                                                              ; 70                 ; 70                 ;
; Auto Carry Chains                                                               ; On                 ; On                 ;
; Auto Open-Drain Pins                                                            ; On                 ; On                 ;
; Perform WYSIWYG Primitive Resynthesis                                           ; Off                ; Off                ;
; Auto ROM Replacement                                                            ; On                 ; On                 ;
; Auto RAM Replacement                                                            ; On                 ; On                 ;
; Auto DSP Block Replacement                                                      ; On                 ; On                 ;
; Auto Shift Register Replacement                                                 ; Auto               ; Auto               ;
; Allow Shift Register Merging across Hierarchies                                 ; Auto               ; Auto               ;
; Auto Clock Enable Replacement                                                   ; On                 ; On                 ;
; Strict RAM Replacement                                                          ; Off                ; Off                ;
; Allow Synchronous Control Signals                                               ; On                 ; On                 ;
; Force Use of Synchronous Clear Signals                                          ; Off                ; Off                ;
; Auto Resource Sharing                                                           ; Off                ; Off                ;
; Allow Any RAM Size For Recognition                                              ; Off                ; Off                ;
; Allow Any ROM Size For Recognition                                              ; Off                ; Off                ;
; Allow Any Shift Register Size For Recognition                                   ; Off                ; Off                ;
; Use LogicLock Constraints during Resource Balancing                             ; On                 ; On                 ;
; Ignore translate_off and synthesis_off directives                               ; Off                ; Off                ;
; Timing-Driven Synthesis                                                         ; On                 ; On                 ;
; Report Parameter Settings                                                       ; On                 ; On                 ;
; Report Source Assignments                                                       ; On                 ; On                 ;
; Report Connectivity Checks                                                      ; On                 ; On                 ;
; Ignore Maximum Fan-Out Assignments                                              ; Off                ; Off                ;
; Synchronization Register Chain Length                                           ; 3                  ; 3                  ;
; Power Optimization During Synthesis                                             ; Normal compilation ; Normal compilation ;
; HDL message level                                                               ; Level2             ; Level2             ;
; Suppress Register Optimization Related Messages                                 ; Off                ; Off                ;
; Number of Removed Registers Reported in Synthesis Report                        ; 5000               ; 5000               ;
; Number of Swept Nodes Reported in Synthesis Report                              ; 5000               ; 5000               ;
; Number of Inverted Registers Reported in Synthesis Report                       ; 100                ; 100                ;
; Clock MUX Protection                                                            ; On                 ; On                 ;
; Auto Gated Clock Conversion                                                     ; Off                ; Off                ;
; Block Design Naming                                                             ; Auto               ; Auto               ;
; SDC constraint protection                                                       ; Off                ; Off                ;
; Synthesis Effort                                                                ; Auto               ; Auto               ;
; Shift Register Replacement - Allow Asynchronous Clear Signal                    ; On                 ; On                 ;
; Pre-Mapping Resynthesis Optimization                                            ; Off                ; Off                ;
; Analysis & Synthesis Message Level                                              ; Medium             ; Medium             ;
; Disable Register Merging Across Hierarchies                                     ; Auto               ; Auto               ;
; Resource Aware Inference For Block RAM                                          ; On                 ; On                 ;
; Automatic Parallel Synthesis                                                    ; On                 ; On                 ;
; Partial Reconfiguration Bitstream ID                                            ; Off                ; Off                ;
+---------------------------------------------------------------------------------+--------------------+--------------------+


+------------------------------------------+
; Parallel Compilation                     ;
+----------------------------+-------------+
; Processors                 ; Number      ;
+----------------------------+-------------+
; Number detected on machine ; 8           ;
; Maximum allowed            ; 8           ;
;                            ;             ;
; Average used               ; 1.01        ;
; Maximum used               ; 8           ;
;                            ;             ;
; Usage by Processor         ; % Time Used ;
;     Processor 1            ; 100.0%      ;
;     Processor 2            ;   0.1%      ;
;     Processor 3            ;   0.1%      ;
;     Processor 4            ;   0.1%      ;
;     Processors 5-8         ;   0.1%      ;
+----------------------------+-------------+


+--------------------------------------------------------------------------------------------------------------------------------------------------------+
; Analysis & Synthesis Source Files Read                                                                                                                 ;
+----------------------------------------+-----------------+------------------------+----------------------------------------------------------+---------+
; File Name with User-Entered Path       ; Used in Netlist ; File Type              ; File Name with Absolute Path                             ; Library ;
+----------------------------------------+-----------------+------------------------+----------------------------------------------------------+---------+
; de1_soc_uart_top.v                     ; yes             ; User Verilog HDL File  ; /home/vboxuser/qemu/fpga/de1_soc_uart/de1_soc_uart_top.v ;         ;
; ../../rtl/uart_16550/uart_baud.v       ; yes             ; User Verilog HDL File  ; /home/vboxuser/qemu/rtl/uart_16550/uart_baud.v           ;         ;
; ../../rtl/uart_16550/uart_fifo.v       ; yes             ; User Verilog HDL File  ; /home/vboxuser/qemu/rtl/uart_16550/uart_fifo.v           ;         ;
; ../../rtl/uart_16550/uart_tx.v         ; yes             ; User Verilog HDL File  ; /home/vboxuser/qemu/rtl/uart_16550/uart_tx.v             ;         ;
; ../../rtl/uart_16550/uart_rx.v         ; yes             ; User Verilog HDL File  ; /home/vboxuser/qemu/rtl/uart_16550/uart_rx.v             ;         ;
; ../../rtl/uart_16550/uart_16550_core.v ; yes             ; User Verilog HDL File  ; /home/vboxuser/qemu/rtl/uart_16550/uart_16550_core.v     ;         ;
; ../../rtl/uart_16550/apb_uart_16550.v  ; yes             ; User Verilog HDL File  ; /home/vboxuser/qemu/rtl/uart_16550/apb_uart_16550.v      ;         ;
+----------------------------------------+-----------------+------------------------+----------------------------------------------------------+---------+


+--------------------------------------------------------------+
; Analysis & Synthesis Resource Usage Summary                  ;
+---------------------------------------------+----------------+
; Resource                                    ; Usage          ;
+---------------------------------------------+----------------+
; Estimate of Logic utilization (ALMs needed) ; 284            ;
;                                             ;                ;
; Combinational ALUT usage for logic          ; 380            ;
;     -- 7 input functions                    ; 13             ;
;     -- 6 input functions                    ; 100            ;
;     -- 5 input functions                    ; 80             ;
;     -- 4 input functions                    ; 56             ;
;     -- <=3 input functions                  ; 131            ;
;                                             ;                ;
; Dedicated logic registers                   ; 399            ;
;                                             ;                ;
; I/O pins                                    ; 51             ;
;                                             ;                ;
; Total DSP Blocks                            ; 0              ;
;                                             ;                ;
; Maximum fan-out node                        ; CLOCK_50~input ;
; Maximum fan-out                             ; 399            ;
; Total fan-out                               ; 3268           ;
; Average fan-out                             ; 3.56           ;
+---------------------------------------------+----------------+


+--------------------------------------------------------------------------------------------------------------------------------------------------------------------------------------------------------------------------------------------------+
; Analysis & Synthesis Resource Utilization by Entity                                                                                                                                                                                              ;
+----------------------------+---------------------+---------------------------+-------------------+------------+------+--------------+--------------------------------------------------------------------------+------------------+--------------+
; Compilation Hierarchy Node ; Combinational ALUTs ; Dedicated Logic Registers ; Block Memory Bits ; DSP Blocks ; Pins ; Virtual Pins ; Full Hierarchy Name                                                      ; Entity Name      ; Library Name ;
+----------------------------+---------------------+---------------------------+-------------------+------------+------+--------------+--------------------------------------------------------------------------+------------------+--------------+
; |de1_soc_uart_top          ; 380 (102)           ; 399 (73)                  ; 0                 ; 0          ; 51   ; 0            ; |de1_soc_uart_top                                                        ; de1_soc_uart_top ; work         ;
;    |apb_uart_16550:u_uart| ; 278 (1)             ; 326 (0)                   ; 0                 ; 0          ; 0    ; 0            ; |de1_soc_uart_top|apb_uart_16550:u_uart                                  ; apb_uart_16550   ; work         ;
;       |uart_16550_core:u|  ; 277 (80)            ; 326 (96)                  ; 0                 ; 0          ; 0    ; 0            ; |de1_soc_uart_top|apb_uart_16550:u_uart|uart_16550_core:u                ; uart_16550_core  ; work         ;
;          |uart_baud:u_bd|  ; 37 (37)             ; 17 (17)                   ; 0                 ; 0          ; 0    ; 0            ; |de1_soc_uart_top|apb_uart_16550:u_uart|uart_16550_core:u|uart_baud:u_bd ; uart_baud        ; work         ;
;          |uart_fifo:u_rf|  ; 32 (32)             ; 74 (74)                   ; 0                 ; 0          ; 0    ; 0            ; |de1_soc_uart_top|apb_uart_16550:u_uart|uart_16550_core:u|uart_fifo:u_rf ; uart_fifo        ; work         ;
;          |uart_fifo:u_tf|  ; 50 (50)             ; 74 (74)                   ; 0                 ; 0          ; 0    ; 0            ; |de1_soc_uart_top|apb_uart_16550:u_uart|uart_16550_core:u|uart_fifo:u_tf ; uart_fifo        ; work         ;
;          |uart_rx:u_rx|    ; 42 (42)             ; 38 (38)                   ; 0                 ; 0          ; 0    ; 0            ; |de1_soc_uart_top|apb_uart_16550:u_uart|uart_16550_core:u|uart_rx:u_rx   ; uart_rx          ; work         ;
;          |uart_tx:u_tx|    ; 36 (36)             ; 27 (27)                   ; 0                 ; 0          ; 0    ; 0            ; |de1_soc_uart_top|apb_uart_16550:u_uart|uart_16550_core:u|uart_tx:u_tx   ; uart_tx          ; work         ;
+----------------------------+---------------------+---------------------------+-------------------+------------+------+--------------+--------------------------------------------------------------------------+------------------+--------------+
Note: For table entries with two numbers listed, the numbers in parentheses indicate the number of resources of the given type used by the specific entity alone. The numbers listed outside of parentheses indicate the total resources of the given type used by the specific entity and all of its sub-entities in the hierarchy.


Encoding Type:  One-Hot
+-------------------------------------------------------------------------------+
; State Machine - |de1_soc_uart_top|apb_uart_16550:u_uart|uart_16550_core:u|tsm ;
+---------+---------+---------+---------+---------+-----------------------------+
; Name    ; tsm.011 ; tsm.010 ; tsm.001 ; tsm.000 ; tsm.100                     ;
+---------+---------+---------+---------+---------+-----------------------------+
; tsm.000 ; 0       ; 0       ; 0       ; 0       ; 0                           ;
; tsm.001 ; 0       ; 0       ; 1       ; 1       ; 0                           ;
; tsm.010 ; 0       ; 1       ; 0       ; 1       ; 0                           ;
; tsm.011 ; 1       ; 0       ; 0       ; 1       ; 0                           ;
; tsm.100 ; 0       ; 0       ; 0       ; 1       ; 1                           ;
+---------+---------+---------+---------+---------+-----------------------------+


Encoding Type:  One-Hot
+-------------------------------------------------------------------------------------------+
; State Machine - |de1_soc_uart_top|apb_uart_16550:u_uart|uart_16550_core:u|uart_rx:u_rx|st ;
+-------+-------+-------+-------+-------+-------+-------------------------------------------+
; Name  ; st.S5 ; st.S4 ; st.S3 ; st.S2 ; st.S1 ; st.S0                                     ;
+-------+-------+-------+-------+-------+-------+-------------------------------------------+
; st.S0 ; 0     ; 0     ; 0     ; 0     ; 0     ; 0                                         ;
; st.S1 ; 0     ; 0     ; 0     ; 0     ; 1     ; 1                                         ;
; st.S2 ; 0     ; 0     ; 0     ; 1     ; 0     ; 1                                         ;
; st.S3 ; 0     ; 0     ; 1     ; 0     ; 0     ; 1                                         ;
; st.S4 ; 0     ; 1     ; 0     ; 0     ; 0     ; 1                                         ;
; st.S5 ; 1     ; 0     ; 0     ; 0     ; 0     ; 1                                         ;
+-------+-------+-------+-------+-------+-------+-------------------------------------------+


Encoding Type:  One-Hot
+-----------------------------------------------------------------------------------------------------------+
; State Machine - |de1_soc_uart_top|apb_uart_16550:u_uart|uart_16550_core:u|uart_tx:u_tx|state              ;
+---------------+---------------+---------------+-------------+--------------+---------------+--------------+
; Name          ; state.S_STOP2 ; state.S_STOP1 ; state.S_PAR ; state.S_DATA ; state.S_START ; state.S_IDLE ;
+---------------+---------------+---------------+-------------+--------------+---------------+--------------+
; state.S_IDLE  ; 0             ; 0             ; 0           ; 0            ; 0             ; 0            ;
; state.S_START ; 0             ; 0             ; 0           ; 0            ; 1             ; 1            ;
; state.S_DATA  ; 0             ; 0             ; 0           ; 1            ; 0             ; 1            ;
; state.S_PAR   ; 0             ; 0             ; 1           ; 0            ; 0             ; 1            ;
; state.S_STOP1 ; 0             ; 1             ; 0           ; 0            ; 0             ; 1            ;
; state.S_STOP2 ; 1             ; 0             ; 0           ; 0            ; 0             ; 1            ;
+---------------+---------------+---------------+-------------+--------------+---------------+--------------+


+--------------------------------------------------------------------------------------------------------+
; Registers Removed During Synthesis                                                                     ;
+---------------------------------------------------------------+----------------------------------------+
; Register name                                                 ; Reason for Removal                     ;
+---------------------------------------------------------------+----------------------------------------+
; apb_uart_16550:u_uart|uart_16550_core:u|lsr[4,7]              ; Stuck at GND due to stuck port data_in ;
; apb_uart_16550:u_uart|uart_16550_core:u|iir[3]                ; Stuck at GND due to stuck port data_in ;
; paddr[5..7]                                                   ; Stuck at GND due to stuck port data_in ;
; apb_uart_16550:u_uart|uart_16550_core:u|uart_rx:u_rx|blast[2] ; Stuck at VCC due to stuck port data_in ;
; apb_uart_16550:u_uart|uart_16550_core:u|stat_tx[0..31]        ; Lost fanout                            ;
; apb_uart_16550:u_uart|uart_16550_core:u|stat_rx[0..31]        ; Lost fanout                            ;
; apb_uart_16550:u_uart|uart_16550_core:u|stat_err[0..31]       ; Lost fanout                            ;
; apb_uart_16550:u_uart|uart_16550_core:u|stat_irq[0..31]       ; Lost fanout                            ;
; apb_uart_16550:u_uart|uart_16550_core:u|intr_d                ; Lost fanout                            ;
; pwrite                                                        ; Merged with pstrb[0]                   ;
; apb_uart_16550:u_uart|uart_16550_core:u|tsm~9                 ; Lost fanout                            ;
; apb_uart_16550:u_uart|uart_16550_core:u|tsm~10                ; Lost fanout                            ;
; apb_uart_16550:u_uart|uart_16550_core:u|uart_rx:u_rx|st~10    ; Lost fanout                            ;
; apb_uart_16550:u_uart|uart_16550_core:u|uart_rx:u_rx|st~11    ; Lost fanout                            ;
; apb_uart_16550:u_uart|uart_16550_core:u|uart_rx:u_rx|st~12    ; Lost fanout                            ;
; apb_uart_16550:u_uart|uart_16550_core:u|uart_tx:u_tx|state~10 ; Lost fanout                            ;
; apb_uart_16550:u_uart|uart_16550_core:u|uart_tx:u_tx|state~11 ; Lost fanout                            ;
; apb_uart_16550:u_uart|uart_16550_core:u|uart_tx:u_tx|state~12 ; Lost fanout                            ;
; Total Number of Removed Registers = 145                       ;                                        ;
+---------------------------------------------------------------+----------------------------------------+


+-----------------------------------------------------------------------------------------------------------------------------------+
; Removed Registers Triggering Further Register Optimizations                                                                       ;
+------------------------------------------------+---------------------------+------------------------------------------------------+
; Register name                                  ; Reason for Removal        ; Registers Removed due to This Register               ;
+------------------------------------------------+---------------------------+------------------------------------------------------+
; paddr[7]                                       ; Stuck at GND              ; apb_uart_16550:u_uart|uart_16550_core:u|stat_err[6], ;
;                                                ; due to stuck port data_in ; apb_uart_16550:u_uart|uart_16550_core:u|stat_err[5], ;
;                                                ;                           ; apb_uart_16550:u_uart|uart_16550_core:u|stat_err[2], ;
;                                                ;                           ; apb_uart_16550:u_uart|uart_16550_core:u|stat_err[1], ;
;                                                ;                           ; apb_uart_16550:u_uart|uart_16550_core:u|stat_err[0], ;
;                                                ;                           ; apb_uart_16550:u_uart|uart_16550_core:u|stat_irq[6], ;
;                                                ;                           ; apb_uart_16550:u_uart|uart_16550_core:u|stat_irq[5], ;
;                                                ;                           ; apb_uart_16550:u_uart|uart_16550_core:u|stat_irq[2], ;
;                                                ;                           ; apb_uart_16550:u_uart|uart_16550_core:u|stat_irq[1]  ;
; apb_uart_16550:u_uart|uart_16550_core:u|lsr[7] ; Stuck at GND              ; apb_uart_16550:u_uart|uart_16550_core:u|stat_tx[7],  ;
;                                                ; due to stuck port data_in ; apb_uart_16550:u_uart|uart_16550_core:u|stat_rx[7],  ;
;                                                ;                           ; apb_uart_16550:u_uart|uart_16550_core:u|stat_err[7], ;
;                                                ;                           ; apb_uart_16550:u_uart|uart_16550_core:u|stat_irq[7]  ;
; apb_uart_16550:u_uart|uart_16550_core:u|lsr[4] ; Stuck at GND              ; apb_uart_16550:u_uart|uart_16550_core:u|stat_tx[4],  ;
;                                                ; due to stuck port data_in ; apb_uart_16550:u_uart|uart_16550_core:u|stat_rx[4],  ;
;                                                ;                           ; apb_uart_16550:u_uart|uart_16550_core:u|stat_err[4], ;
;                                                ;                           ; apb_uart_16550:u_uart|uart_16550_core:u|stat_irq[4]  ;
; apb_uart_16550:u_uart|uart_16550_core:u|iir[3] ; Stuck at GND              ; apb_uart_16550:u_uart|uart_16550_core:u|stat_tx[3],  ;
;                                                ; due to stuck port data_in ; apb_uart_16550:u_uart|uart_16550_core:u|stat_rx[3],  ;
;                                                ;                           ; apb_uart_16550:u_uart|uart_16550_core:u|stat_err[3], ;
;                                                ;                           ; apb_uart_16550:u_uart|uart_16550_core:u|stat_irq[3]  ;
+------------------------------------------------+---------------------------+------------------------------------------------------+


+------------------------------------------------------+
; General Register Statistics                          ;
+----------------------------------------------+-------+
; Statistic                                    ; Value ;
+----------------------------------------------+-------+
; Total registers                              ; 399   ;
; Number of registers using Synchronous Clear  ; 61    ;
; Number of registers using Synchronous Load   ; 8     ;
; Number of registers using Asynchronous Clear ; 359   ;
; Number of registers using Asynchronous Load  ; 0     ;
; Number of registers using Clock Enable       ; 329   ;
; Number of registers using Preset             ; 0     ;
+----------------------------------------------+-------+


+--------------------------------------------------------------------+
; Inverted Register Statistics                                       ;
+----------------------------------------------------------+---------+
; Inverted Register                                        ; Fan out ;
+----------------------------------------------------------+---------+
; apb_uart_16550:u_uart|uart_16550_core:u|dll[0]           ; 2       ;
; apb_uart_16550:u_uart|uart_16550_core:u|iir[0]           ; 1       ;
; apb_uart_16550:u_uart|uart_16550_core:u|lcr[0]           ; 5       ;
; apb_uart_16550:u_uart|uart_16550_core:u|lcr[1]           ; 5       ;
; apb_uart_16550:u_uart|uart_16550_core:u|lsr[5]           ; 1       ;
; apb_uart_16550:u_uart|uart_16550_core:u|lsr[6]           ; 1       ;
; apb_uart_16550:u_uart|uart_16550_core:u|uart_rx:u_rx|f1  ; 7       ;
; apb_uart_16550:u_uart|uart_16550_core:u|uart_tx:u_tx|txd ; 2       ;
; apb_uart_16550:u_uart|uart_16550_core:u|uart_rx:u_rx|f0  ; 1       ;
; Total number of inverted registers = 9                   ;         ;
+----------------------------------------------------------+---------+


+-------------------------------------------------------------------------------------------------------------------------------------------------------------------------------------------------+
; Multiplexer Restructuring Statistics (Restructuring Performed)                                                                                                                                  ;
+--------------------+-----------+---------------+----------------------+------------------------+------------+-----------------------------------------------------------------------------------+
; Multiplexer Inputs ; Bus Width ; Baseline Area ; Area if Restructured ; Saving if Restructured ; Registered ; Example Multiplexer Output                                                        ;
+--------------------+-----------+---------------+----------------------+------------------------+------------+-----------------------------------------------------------------------------------+
; 3:1                ; 3 bits    ; 6 LEs         ; 3 LEs                ; 3 LEs                  ; Yes        ; |de1_soc_uart_top|apb_uart_16550:u_uart|uart_16550_core:u|uart_tx:u_tx|bidx[2]    ;
; 3:1                ; 2 bits    ; 4 LEs         ; 4 LEs                ; 0 LEs                  ; Yes        ; |de1_soc_uart_top|apb_uart_16550:u_uart|uart_16550_core:u|tfl                     ;
; 3:1                ; 3 bits    ; 6 LEs         ; 3 LEs                ; 3 LEs                  ; Yes        ; |de1_soc_uart_top|apb_uart_16550:u_uart|uart_16550_core:u|uart_fifo:u_rf|rptr[0]  ;
; 3:1                ; 3 bits    ; 6 LEs         ; 3 LEs                ; 3 LEs                  ; Yes        ; |de1_soc_uart_top|apb_uart_16550:u_uart|uart_16550_core:u|uart_fifo:u_rf|wptr[2]  ;
; 3:1                ; 3 bits    ; 6 LEs         ; 3 LEs                ; 3 LEs                  ; Yes        ; |de1_soc_uart_top|apb_uart_16550:u_uart|uart_16550_core:u|uart_fifo:u_tf|rptr[0]  ;
; 3:1                ; 3 bits    ; 6 LEs         ; 3 LEs                ; 3 LEs                  ; Yes        ; |de1_soc_uart_top|apb_uart_16550:u_uart|uart_16550_core:u|uart_fifo:u_tf|wptr[2]  ;
; 5:1                ; 4 bits    ; 12 LEs        ; 4 LEs                ; 8 LEs                  ; Yes        ; |de1_soc_uart_top|apb_uart_16550:u_uart|uart_16550_core:u|uart_fifo:u_rf|count[1] ;
; 5:1                ; 4 bits    ; 12 LEs        ; 4 LEs                ; 8 LEs                  ; Yes        ; |de1_soc_uart_top|apb_uart_16550:u_uart|uart_16550_core:u|uart_fifo:u_tf|count[0] ;
; 8:1                ; 8 bits    ; 40 LEs        ; 40 LEs               ; 0 LEs                  ; Yes        ; |de1_soc_uart_top|apb_uart_16550:u_uart|uart_16550_core:u|tcap[0]                 ;
; 4:1                ; 4 bits    ; 8 LEs         ; 8 LEs                ; 0 LEs                  ; Yes        ; |de1_soc_uart_top|apb_uart_16550:u_uart|uart_16550_core:u|uart_tx:u_tx|scnt[0]    ;
; 5:1                ; 8 bits    ; 24 LEs        ; 0 LEs                ; 24 LEs                 ; Yes        ; |de1_soc_uart_top|apb_uart_16550:u_uart|uart_16550_core:u|uart_rx:u_rx|dout[3]    ;
; 6:1                ; 7 bits    ; 28 LEs        ; 7 LEs                ; 21 LEs                 ; Yes        ; |de1_soc_uart_top|apb_uart_16550:u_uart|uart_16550_core:u|uart_tx:u_tx|dr[2]      ;
; 64:1               ; 4 bits    ; 168 LEs       ; 24 LEs               ; 144 LEs                ; Yes        ; |de1_soc_uart_top|paddr[2]                                                        ;
; 64:1               ; 7 bits    ; 294 LEs       ; 28 LEs               ; 266 LEs                ; Yes        ; |de1_soc_uart_top|pwdata[2]                                                       ;
; 6:1                ; 3 bits    ; 12 LEs        ; 6 LEs                ; 6 LEs                  ; Yes        ; |de1_soc_uart_top|apb_uart_16550:u_uart|uart_16550_core:u|uart_rx:u_rx|bi[2]      ;
; 65:1               ; 4 bits    ; 172 LEs       ; 8 LEs                ; 164 LEs                ; Yes        ; |de1_soc_uart_top|idx[2]                                                          ;
; 66:1               ; 2 bits    ; 88 LEs        ; 34 LEs               ; 54 LEs                 ; Yes        ; |de1_soc_uart_top|st[4]                                                           ;
; 67:1               ; 32 bits   ; 1408 LEs      ; 0 LEs                ; 1408 LEs               ; Yes        ; |de1_soc_uart_top|cnt[12]                                                         ;
; 9:1                ; 4 bits    ; 24 LEs        ; 12 LEs               ; 12 LEs                 ; Yes        ; |de1_soc_uart_top|apb_uart_16550:u_uart|uart_16550_core:u|uart_rx:u_rx|tc[0]      ;
; 3:1                ; 3 bits    ; 6 LEs         ; 6 LEs                ; 0 LEs                  ; No         ; |de1_soc_uart_top|apb_uart_16550:u_uart|uart_16550_core:u|uart_tx:u_tx|state      ;
; 7:1                ; 3 bits    ; 12 LEs        ; 9 LEs                ; 3 LEs                  ; No         ; |de1_soc_uart_top|apb_uart_16550:u_uart|uart_16550_core:u|Selector1               ;
; 8:1                ; 2 bits    ; 10 LEs        ; 4 LEs                ; 6 LEs                  ; No         ; |de1_soc_uart_top|apb_uart_16550:u_uart|uart_16550_core:u|Selector2               ;
; 18:1               ; 2 bits    ; 24 LEs        ; 22 LEs               ; 2 LEs                  ; No         ; |de1_soc_uart_top|apb_uart_16550:u_uart|uart_16550_core:u|Mux1                    ;
; 18:1               ; 3 bits    ; 36 LEs        ; 36 LEs               ; 0 LEs                  ; No         ; |de1_soc_uart_top|apb_uart_16550:u_uart|uart_16550_core:u|Mux7                    ;
+--------------------+-----------+---------------+----------------------+------------------------+------------+-----------------------------------------------------------------------------------+


+--------------------------------------------------------------------+
; Parameter Settings for User Entity Instance: apb_uart_16550:u_uart ;
+----------------+-------+-------------------------------------------+
; Parameter Name ; Value ; Type                                      ;
+----------------+-------+-------------------------------------------+
; PADDR_W        ; 8     ; Signed Integer                            ;
+----------------+-------+-------------------------------------------+
Note: In order to hide this table in the UI and the text report file, please set the "Show Parameter Settings in Synthesis Report" option in "Analysis and Synthesis Settings -> More Settings" to "Off".


+-----------------------------------------------------------------------------------------------------+
; Parameter Settings for User Entity Instance: apb_uart_16550:u_uart|uart_16550_core:u|uart_baud:u_bd ;
+----------------+-------+----------------------------------------------------------------------------+
; Parameter Name ; Value ; Type                                                                       ;
+----------------+-------+----------------------------------------------------------------------------+
; WIDTH          ; 16    ; Signed Integer                                                             ;
+----------------+-------+----------------------------------------------------------------------------+
Note: In order to hide this table in the UI and the text report file, please set the "Show Parameter Settings in Synthesis Report" option in "Analysis and Synthesis Settings -> More Settings" to "Off".


+-----------------------------------------------------------------------------------------------------+
; Parameter Settings for User Entity Instance: apb_uart_16550:u_uart|uart_16550_core:u|uart_fifo:u_tf ;
+----------------+-------+----------------------------------------------------------------------------+
; Parameter Name ; Value ; Type                                                                       ;
+----------------+-------+----------------------------------------------------------------------------+
; DEPTH          ; 8     ; Signed Integer                                                             ;
; DW             ; 8     ; Signed Integer                                                             ;
+----------------+-------+----------------------------------------------------------------------------+
Note: In order to hide this table in the UI and the text report file, please set the "Show Parameter Settings in Synthesis Report" option in "Analysis and Synthesis Settings -> More Settings" to "Off".


+-----------------------------------------------------------------------------------------------------+
; Parameter Settings for User Entity Instance: apb_uart_16550:u_uart|uart_16550_core:u|uart_fifo:u_rf ;
+----------------+-------+----------------------------------------------------------------------------+
; Parameter Name ; Value ; Type                                                                       ;
+----------------+-------+----------------------------------------------------------------------------+
; DEPTH          ; 8     ; Signed Integer                                                             ;
; DW             ; 8     ; Signed Integer                                                             ;
+----------------+-------+----------------------------------------------------------------------------+
Note: In order to hide this table in the UI and the text report file, please set the "Show Parameter Settings in Synthesis Report" option in "Analysis and Synthesis Settings -> More Settings" to "Off".


+-----------------------------------------------------------------------------------------------------------------+
; Port Connectivity Checks: "apb_uart_16550:u_uart|uart_16550_core:u|uart_fifo:u_rf"                              ;
+-------+--------+----------+-------------------------------------------------------------------------------------+
; Port  ; Type   ; Severity ; Details                                                                             ;
+-------+--------+----------+-------------------------------------------------------------------------------------+
; level ; Output ; Info     ; Connected to dangling logic. Logic that only feeds a dangling port will be removed. ;
+-------+--------+----------+-------------------------------------------------------------------------------------+


+-----------------------------------------------------------------------------------------------------------------+
; Port Connectivity Checks: "apb_uart_16550:u_uart|uart_16550_core:u|uart_fifo:u_tf"                              ;
+-------+--------+----------+-------------------------------------------------------------------------------------+
; Port  ; Type   ; Severity ; Details                                                                             ;
+-------+--------+----------+-------------------------------------------------------------------------------------+
; level ; Output ; Info     ; Connected to dangling logic. Logic that only feeds a dangling port will be removed. ;
+-------+--------+----------+-------------------------------------------------------------------------------------+


+----------------------------------------------------------------------------------+
; Port Connectivity Checks: "apb_uart_16550:u_uart|uart_16550_core:u|uart_rx:u_rx" ;
+--------+-------+----------+------------------------------------------------------+
; Port   ; Type  ; Severity ; Details                                              ;
+--------+-------+----------+------------------------------------------------------+
; dly_en ; Input ; Info     ; Stuck at VCC                                         ;
+--------+-------+----------+------------------------------------------------------+


+------------------------------------------------------------------------------------------------------------------+
; Port Connectivity Checks: "apb_uart_16550:u_uart|uart_16550_core:u"                                              ;
+--------+--------+----------+-------------------------------------------------------------------------------------+
; Port   ; Type   ; Severity ; Details                                                                             ;
+--------+--------+----------+-------------------------------------------------------------------------------------+
; rdata8 ; Output ; Info     ; Connected to dangling logic. Logic that only feeds a dangling port will be removed. ;
+--------+--------+----------+-------------------------------------------------------------------------------------+


+-------------------------------------------------------------------------------------------------------------------------+
; Port Connectivity Checks: "apb_uart_16550:u_uart"                                                                       ;
+---------------+--------+----------+-------------------------------------------------------------------------------------+
; Port          ; Type   ; Severity ; Details                                                                             ;
+---------------+--------+----------+-------------------------------------------------------------------------------------+
; prdata[31..8] ; Output ; Info     ; Connected to dangling logic. Logic that only feeds a dangling port will be removed. ;
; pready        ; Output ; Info     ; Connected to dangling logic. Logic that only feeds a dangling port will be removed. ;
; pslverr       ; Output ; Info     ; Connected to dangling logic. Logic that only feeds a dangling port will be removed. ;
+---------------+--------+----------+-------------------------------------------------------------------------------------+


+-----------------------------------------------------+
; Post-Synthesis Netlist Statistics for Top Partition ;
+-----------------------+-----------------------------+
; Type                  ; Count                       ;
+-----------------------+-----------------------------+
; arriav_ff             ; 399                         ;
;     CLR               ; 53                          ;
;     CLR SCLR          ; 16                          ;
;     CLR SLD           ; 1                           ;
;     ENA               ; 40                          ;
;     ENA CLR           ; 241                         ;
;     ENA CLR SCLR      ; 41                          ;
;     ENA CLR SCLR SLD  ; 4                           ;
;     ENA CLR SLD       ; 3                           ;
; arriav_io_obuf        ; 36                          ;
; arriav_lcell_comb     ; 380                         ;
;     arith             ; 48                          ;
;         1 data inputs ; 48                          ;
;     extend            ; 13                          ;
;         7 data inputs ; 13                          ;
;     normal            ; 319                         ;
;         0 data inputs ; 1                           ;
;         1 data inputs ; 8                           ;
;         2 data inputs ; 28                          ;
;         3 data inputs ; 46                          ;
;         4 data inputs ; 56                          ;
;         5 data inputs ; 80                          ;
;         6 data inputs ; 100                         ;
; boundary_port         ; 51                          ;
;                       ;                             ;
; Max LUT depth         ; 5.30                        ;
; Average LUT depth     ; 2.56                        ;
+-----------------------+-----------------------------+


+-------------------------------+
; Elapsed Time Per Partition    ;
+----------------+--------------+
; Partition Name ; Elapsed Time ;
+----------------+--------------+
; Top            ; 00:00:05     ;
+----------------+--------------+


+-------------------------------+
; Analysis & Synthesis Messages ;
+-------------------------------+
Info: *******************************************************************
Info: Running Quartus Prime Analysis & Synthesis
    Info: Version 25.1std.0 Build 1129 10/21/2025 SC Lite Edition
    Info: Processing started: Wed May  6 17:23:57 2026
Info: Command: quartus_map --read_settings_files=on --write_settings_files=off de1_soc_uart -c de1_soc_uart
Warning (18236): Number of processors has not been specified which may cause overloading on shared machines.  Set the global assignment NUM_PARALLEL_PROCESSORS in your QSF to an appropriate value for best performance.
Info (20030): Parallel compilation is enabled and will use 8 of the 8 processors detected
Warning (10229): Verilog HDL Expression warning at de1_soc_uart_top.v(121): truncated literal to match 10 bits File: /home/vboxuser/qemu/fpga/de1_soc_uart/de1_soc_uart_top.v Line: 121
Info (12021): Found 1 design units, including 1 entities, in source file de1_soc_uart_top.v
    Info (12023): Found entity 1: de1_soc_uart_top File: /home/vboxuser/qemu/fpga/de1_soc_uart/de1_soc_uart_top.v Line: 2
Info (12021): Found 1 design units, including 1 entities, in source file /home/vboxuser/qemu/rtl/uart_16550/uart_baud.v
    Info (12023): Found entity 1: uart_baud File: /home/vboxuser/qemu/rtl/uart_16550/uart_baud.v Line: 3
Info (12021): Found 1 design units, including 1 entities, in source file /home/vboxuser/qemu/rtl/uart_16550/uart_fifo.v
    Info (12023): Found entity 1: uart_fifo File: /home/vboxuser/qemu/rtl/uart_16550/uart_fifo.v Line: 2
Info (12021): Found 1 design units, including 1 entities, in source file /home/vboxuser/qemu/rtl/uart_16550/uart_tx.v
    Info (12023): Found entity 1: uart_tx File: /home/vboxuser/qemu/rtl/uart_16550/uart_tx.v Line: 2
Info (12021): Found 1 design units, including 1 entities, in source file /home/vboxuser/qemu/rtl/uart_16550/uart_rx.v
    Info (12023): Found entity 1: uart_rx File: /home/vboxuser/qemu/rtl/uart_16550/uart_rx.v Line: 3
Info (12021): Found 1 design units, including 1 entities, in source file /home/vboxuser/qemu/rtl/uart_16550/uart_16550_core.v
    Info (12023): Found entity 1: uart_16550_core File: /home/vboxuser/qemu/rtl/uart_16550/uart_16550_core.v Line: 3
Info (12021): Found 1 design units, including 1 entities, in source file /home/vboxuser/qemu/rtl/uart_16550/apb_uart_16550.v
    Info (12023): Found entity 1: apb_uart_16550 File: /home/vboxuser/qemu/rtl/uart_16550/apb_uart_16550.v Line: 4
Info (12127): Elaborating entity "de1_soc_uart_top" for the top level hierarchy
Warning (10230): Verilog HDL assignment warning at de1_soc_uart_top.v(214): truncated value with size 32 to match size of target (6) File: /home/vboxuser/qemu/fpga/de1_soc_uart/de1_soc_uart_top.v Line: 214
Warning (10230): Verilog HDL assignment warning at de1_soc_uart_top.v(216): truncated value with size 32 to match size of target (6) File: /home/vboxuser/qemu/fpga/de1_soc_uart/de1_soc_uart_top.v Line: 216
Warning (10230): Verilog HDL assignment warning at de1_soc_uart_top.v(222): truncated value with size 32 to match size of target (6) File: /home/vboxuser/qemu/fpga/de1_soc_uart/de1_soc_uart_top.v Line: 222
Warning (10230): Verilog HDL assignment warning at de1_soc_uart_top.v(224): truncated value with size 32 to match size of target (6) File: /home/vboxuser/qemu/fpga/de1_soc_uart/de1_soc_uart_top.v Line: 224
Warning (10230): Verilog HDL assignment warning at de1_soc_uart_top.v(230): truncated value with size 32 to match size of target (6) File: /home/vboxuser/qemu/fpga/de1_soc_uart/de1_soc_uart_top.v Line: 230
Warning (10230): Verilog HDL assignment warning at de1_soc_uart_top.v(232): truncated value with size 32 to match size of target (6) File: /home/vboxuser/qemu/fpga/de1_soc_uart/de1_soc_uart_top.v Line: 232
Warning (10230): Verilog HDL assignment warning at de1_soc_uart_top.v(238): truncated value with size 32 to match size of target (6) File: /home/vboxuser/qemu/fpga/de1_soc_uart/de1_soc_uart_top.v Line: 238
Warning (10230): Verilog HDL assignment warning at de1_soc_uart_top.v(240): truncated value with size 32 to match size of target (6) File: /home/vboxuser/qemu/fpga/de1_soc_uart/de1_soc_uart_top.v Line: 240
Warning (10230): Verilog HDL assignment warning at de1_soc_uart_top.v(246): truncated value with size 32 to match size of target (6) File: /home/vboxuser/qemu/fpga/de1_soc_uart/de1_soc_uart_top.v Line: 246
Warning (10230): Verilog HDL assignment warning at de1_soc_uart_top.v(248): truncated value with size 32 to match size of target (6) File: /home/vboxuser/qemu/fpga/de1_soc_uart/de1_soc_uart_top.v Line: 248
Warning (10230): Verilog HDL assignment warning at de1_soc_uart_top.v(262): truncated value with size 32 to match size of target (6) File: /home/vboxuser/qemu/fpga/de1_soc_uart/de1_soc_uart_top.v Line: 262
Warning (10230): Verilog HDL assignment warning at de1_soc_uart_top.v(276): truncated value with size 32 to match size of target (6) File: /home/vboxuser/qemu/fpga/de1_soc_uart/de1_soc_uart_top.v Line: 276
Warning (10230): Verilog HDL assignment warning at de1_soc_uart_top.v(280): truncated value with size 32 to match size of target (6) File: /home/vboxuser/qemu/fpga/de1_soc_uart/de1_soc_uart_top.v Line: 280
Warning (10230): Verilog HDL assignment warning at de1_soc_uart_top.v(293): truncated value with size 32 to match size of target (6) File: /home/vboxuser/qemu/fpga/de1_soc_uart/de1_soc_uart_top.v Line: 293
Warning (10230): Verilog HDL assignment warning at de1_soc_uart_top.v(295): truncated value with size 32 to match size of target (6) File: /home/vboxuser/qemu/fpga/de1_soc_uart/de1_soc_uart_top.v Line: 295
Warning (10230): Verilog HDL assignment warning at de1_soc_uart_top.v(305): truncated value with size 32 to match size of target (6) File: /home/vboxuser/qemu/fpga/de1_soc_uart/de1_soc_uart_top.v Line: 305
Warning (10230): Verilog HDL assignment warning at de1_soc_uart_top.v(307): truncated value with size 32 to match size of target (6) File: /home/vboxuser/qemu/fpga/de1_soc_uart/de1_soc_uart_top.v Line: 307
Warning (10230): Verilog HDL assignment warning at de1_soc_uart_top.v(321): truncated value with size 32 to match size of target (4) File: /home/vboxuser/qemu/fpga/de1_soc_uart/de1_soc_uart_top.v Line: 321
Info (12128): Elaborating entity "apb_uart_16550" for hierarchy "apb_uart_16550:u_uart" File: /home/vboxuser/qemu/fpga/de1_soc_uart/de1_soc_uart_top.v Line: 55
Info (12128): Elaborating entity "uart_16550_core" for hierarchy "apb_uart_16550:u_uart|uart_16550_core:u" File: /home/vboxuser/qemu/rtl/uart_16550/apb_uart_16550.v Line: 29
Warning (10036): Verilog HDL or VHDL warning at uart_16550_core.v(16): object "fcr" assigned a value but never read File: /home/vboxuser/qemu/rtl/uart_16550/uart_16550_core.v Line: 16
Warning (10036): Verilog HDL or VHDL warning at uart_16550_core.v(16): object "msr" assigned a value but never read File: /home/vboxuser/qemu/rtl/uart_16550/uart_16550_core.v Line: 16
Warning (10240): Verilog HDL Always Construct warning at uart_16550_core.v(113): inferring latch(es) for variable "iir", which holds its previous value in one or more paths through the always construct File: /home/vboxuser/qemu/rtl/uart_16550/uart_16550_core.v Line: 113
Info (12128): Elaborating entity "uart_baud" for hierarchy "apb_uart_16550:u_uart|uart_16550_core:u|uart_baud:u_bd" File: /home/vboxuser/qemu/rtl/uart_16550/uart_16550_core.v Line: 25
Info (12128): Elaborating entity "uart_tx" for hierarchy "apb_uart_16550:u_uart|uart_16550_core:u|uart_tx:u_tx" File: /home/vboxuser/qemu/rtl/uart_16550/uart_16550_core.v Line: 28
Warning (10776): Verilog HDL warning at uart_tx.v(46): variable t7 in static task or function pbit may have unintended latch behavior File: /home/vboxuser/qemu/rtl/uart_16550/uart_tx.v Line: 46
Warning (10776): Verilog HDL warning at uart_tx.v(45): variable t6 in static task or function pbit may have unintended latch behavior File: /home/vboxuser/qemu/rtl/uart_16550/uart_tx.v Line: 45
Warning (10776): Verilog HDL warning at uart_tx.v(44): variable t5 in static task or function pbit may have unintended latch behavior File: /home/vboxuser/qemu/rtl/uart_16550/uart_tx.v Line: 44
Info (10264): Verilog HDL Case Statement information at uart_tx.v(92): all case item expressions in this case statement are onehot File: /home/vboxuser/qemu/rtl/uart_16550/uart_tx.v Line: 92
Info (12128): Elaborating entity "uart_rx" for hierarchy "apb_uart_16550:u_uart|uart_16550_core:u|uart_rx:u_rx" File: /home/vboxuser/qemu/rtl/uart_16550/uart_16550_core.v Line: 34
Warning (10776): Verilog HDL warning at uart_rx.v(40): variable t7 in static task or function f_pexp may have unintended latch behavior File: /home/vboxuser/qemu/rtl/uart_16550/uart_rx.v Line: 40
Warning (10776): Verilog HDL warning at uart_rx.v(40): variable t6 in static task or function f_pexp may have unintended latch behavior File: /home/vboxuser/qemu/rtl/uart_16550/uart_rx.v Line: 40
Warning (10776): Verilog HDL warning at uart_rx.v(40): variable t5 in static task or function f_pexp may have unintended latch behavior File: /home/vboxuser/qemu/rtl/uart_16550/uart_rx.v Line: 40
Info (12128): Elaborating entity "uart_fifo" for hierarchy "apb_uart_16550:u_uart|uart_16550_core:u|uart_fifo:u_tf" File: /home/vboxuser/qemu/rtl/uart_16550/uart_16550_core.v Line: 38
Warning (10240): Verilog HDL Always Construct warning at uart_fifo.v(30): inferring latch(es) for variable "j", which holds its previous value in one or more paths through the always construct File: /home/vboxuser/qemu/rtl/uart_16550/uart_fifo.v Line: 30
Warning (13034): The following nodes have both tri-state and non-tri-state drivers
    Warning (13035): Inserted always-enabled tri-state buffer between "GPIO_0[0]" and its non-tri-state driver. File: /home/vboxuser/qemu/fpga/de1_soc_uart/de1_soc_uart_top.v Line: 7
Warning (13039): The following bidirectional pins have no drivers
    Warning (13040): bidirectional pin "GPIO_0[1]" has no driver File: /home/vboxuser/qemu/fpga/de1_soc_uart/de1_soc_uart_top.v Line: 7
Warning (13009): TRI or OPNDRN buffers permanently enabled
    Warning (13010): Node "GPIO_0[0]~synth" File: /home/vboxuser/qemu/fpga/de1_soc_uart/de1_soc_uart_top.v Line: 7
Info (286030): Timing-Driven Synthesis is running
Info (17049): 137 registers lost all their fanouts during netlist optimizations.
Info (16010): Generating hard_block partition "hard_block:auto_generated_inst"
    Info (16011): Adding 0 node(s), including 0 DDIO, 0 PLL, 0 transceiver and 0 LCELL
Warning (21074): Design contains 3 input pin(s) that do not drive logic
    Warning (15610): No output dependent on input pin "KEY[1]" File: /home/vboxuser/qemu/fpga/de1_soc_uart/de1_soc_uart_top.v Line: 4
    Warning (15610): No output dependent on input pin "KEY[2]" File: /home/vboxuser/qemu/fpga/de1_soc_uart/de1_soc_uart_top.v Line: 4
    Warning (15610): No output dependent on input pin "KEY[3]" File: /home/vboxuser/qemu/fpga/de1_soc_uart/de1_soc_uart_top.v Line: 4
Info (21057): Implemented 676 device resources after synthesis - the final resource count might be different
    Info (21058): Implemented 5 input pins
    Info (21059): Implemented 10 output pins
    Info (21060): Implemented 36 bidirectional pins
    Info (21061): Implemented 625 logic cells
Info: Quartus Prime Analysis & Synthesis was successful. 0 errors, 40 warnings
    Info: Peak virtual memory: 770 megabytes
    Info: Processing ended: Wed May  6 17:24:16 2026
    Info: Elapsed time: 00:00:19
    Info: Total CPU time (on all processors): 00:00:38


