Flow report for hps_uart_bridge
Sat May  9 20:10:11 2026
Quartus Prime Version 25.1std.0 Build 1129 10/21/2025 SC Lite Edition


---------------------
; Table of Contents ;
---------------------
  1. Legal Notice
  2. Flow Summary
  3. Flow Settings
  4. Flow Non-Default Global Settings
  5. Flow Elapsed Time
  6. Flow OS Summary
  7. Flow Log
  8. Flow Messages
  9. Flow Suppressed Messages



----------------
; Legal Notice ;
----------------
Copyright (C) 2025  Altera Corporation. All rights reserved.
Your use of Altera Corporation's design tools, logic functions 
and other software and tools, and any partner logic 
functions, and any output files from any of the foregoing 
(including device programming or simulation files), and any 
associated documentation or information are expressly subject 
to the terms and conditions of the Altera Program License 
Subscription Agreement, the Altera Quartus Prime License Agreement,
the Altera IP License Agreement, or other applicable license
agreement, including, without limitation, that your use is for
the sole purpose of programming logic devices manufactured by
Altera and sold by Altera or its authorized distributors.  Please
refer to the Altera Software License Subscription Agreements 
on the Quartus Prime software download page.



+-----------------------------------------------------------------------------------+
; Flow Summary                                                                      ;
+---------------------------------+-------------------------------------------------+
; Flow Status                     ; Successful - Sat May  9 20:09:50 2026           ;
; Quartus Prime Version           ; 25.1std.0 Build 1129 10/21/2025 SC Lite Edition ;
; Revision Name                   ; hps_uart_bridge                                 ;
; Top-level Entity Name           ; hps_uart_bridge_top                             ;
; Family                          ; Cyclone V                                       ;
; Device                          ; 5CSEMA5F31C6                                    ;
; Timing Models                   ; Final                                           ;
; Logic utilization (in ALMs)     ; 504 / 32,070 ( 2 % )                            ;
; Total registers                 ; 828                                             ;
; Total pins                      ; 51 / 457 ( 11 % )                               ;
; Total virtual pins              ; 0                                               ;
; Total block memory bits         ; 0 / 4,065,280 ( 0 % )                           ;
; Total DSP Blocks                ; 0 / 87 ( 0 % )                                  ;
; Total HSSI RX PCSs              ; 0                                               ;
; Total HSSI PMA RX Deserializers ; 0                                               ;
; Total HSSI TX PCSs              ; 0                                               ;
; Total HSSI PMA TX Serializers   ; 0                                               ;
; Total PLLs                      ; 0 / 6 ( 0 % )                                   ;
; Total DLLs                      ; 0 / 4 ( 0 % )                                   ;
+---------------------------------+-------------------------------------------------+


+-----------------------------------------+
; Flow Settings                           ;
+-------------------+---------------------+
; Option            ; Setting             ;
+-------------------+---------------------+
; Start date & time ; 05/09/2026 20:00:42 ;
; Main task         ; Compilation         ;
; Revision Name     ; hps_uart_bridge     ;
+-------------------+---------------------+


+---------------------------------------------------------------------------------------------------------------------------------------------------------------------+
; Flow Non-Default Global Settings                                                                                                                                    ;
+--------------------------+--------------------------------------------------------------------------+-----------------+--------------------------------+------------+
; Assignment Name          ; Value                                                                    ; Default Value   ; Entity Name                    ; Section Id ;
+--------------------------+--------------------------------------------------------------------------+-----------------+--------------------------------+------------+
; COMPILER_SIGNATURE_ID    ; 8796755732762.177834604220993                                            ; --              ; --                             ; --         ;
; HPS_ISW_FILE             ; soc_system/synthesis/submodules/sequencer/sdram_io.pre.h                 ; --              ; soc_system_hps_0_hps_io_border ; --         ;
; HPS_ISW_FILE             ; soc_system/synthesis/submodules/sequencer/alt_types.pre.h                ; --              ; soc_system_hps_0_hps_io_border ; --         ;
; HPS_ISW_FILE             ; soc_system/synthesis/submodules/sequencer/system.pre.h                   ; --              ; soc_system_hps_0_hps_io_border ; --         ;
; HPS_ISW_FILE             ; soc_system/synthesis/submodules/sequencer/sequencer.pre.c                ; --              ; soc_system_hps_0_hps_io_border ; --         ;
; HPS_ISW_FILE             ; soc_system/synthesis/submodules/sequencer/sequencer.pre.h                ; --              ; soc_system_hps_0_hps_io_border ; --         ;
; HPS_ISW_FILE             ; soc_system/synthesis/submodules/sequencer/tclrpt.pre.c                   ; --              ; soc_system_hps_0_hps_io_border ; --         ;
; HPS_ISW_FILE             ; soc_system/synthesis/submodules/sequencer/tclrpt.pre.h                   ; --              ; soc_system_hps_0_hps_io_border ; --         ;
; HPS_ISW_FILE             ; soc_system/synthesis/submodules/sequencer/sequencer_defines.pre.h        ; --              ; soc_system_hps_0_hps_io_border ; --         ;
; HPS_ISW_FILE             ; soc_system/synthesis/submodules/sequencer/sequencer_auto_ac_init.pre.c   ; --              ; soc_system_hps_0_hps_io_border ; --         ;
; HPS_ISW_FILE             ; soc_system/synthesis/submodules/sequencer/sequencer_auto_inst_init.pre.c ; --              ; soc_system_hps_0_hps_io_border ; --         ;
; HPS_ISW_FILE             ; soc_system/synthesis/submodules/sequencer/sequencer_auto.pre.h           ; --              ; soc_system_hps_0_hps_io_border ; --         ;
; HPS_ISW_FILE             ; soc_system/synthesis/submodules/sequencer/emif.pre.xml                   ; --              ; soc_system_hps_0_hps_io_border ; --         ;
; HPS_ISW_FILE             ; soc_system/synthesis/submodules/hps.pre.xml                              ; --              ; soc_system_hps_0_hps_io_border ; --         ;
; HPS_PARTITION            ; On                                                                       ; --              ; soc_system_hps_0_hps_io_border ; --         ;
; MISC_FILE                ; soc_system/synthesis/../soc_system.cmp                                   ; --              ; --                             ; --         ;
; MISC_FILE                ; soc_system/synthesis/soc_system_hps_0_hps.svd                            ; --              ; --                             ; --         ;
; MISC_FILE                ; soc_system/synthesis/../../soc_system.qsys                               ; --              ; --                             ; --         ;
; MISC_FILE                ; soc_system/synthesis/submodules/sequencer/sdram_io.pre.h                 ; --              ; --                             ; --         ;
; MISC_FILE                ; soc_system/synthesis/submodules/sequencer/alt_types.pre.h                ; --              ; --                             ; --         ;
; MISC_FILE                ; soc_system/synthesis/submodules/sequencer/system.pre.h                   ; --              ; --                             ; --         ;
; MISC_FILE                ; soc_system/synthesis/submodules/sequencer/sequencer.pre.c                ; --              ; --                             ; --         ;
; MISC_FILE                ; soc_system/synthesis/submodules/sequencer/sequencer.pre.h                ; --              ; --                             ; --         ;
; MISC_FILE                ; soc_system/synthesis/submodules/sequencer/tclrpt.pre.c                   ; --              ; --                             ; --         ;
; MISC_FILE                ; soc_system/synthesis/submodules/sequencer/tclrpt.pre.h                   ; --              ; --                             ; --         ;
; MISC_FILE                ; soc_system/synthesis/submodules/sequencer/sequencer_defines.pre.h        ; --              ; --                             ; --         ;
; MISC_FILE                ; soc_system/synthesis/submodules/sequencer/sequencer_auto_ac_init.pre.c   ; --              ; --                             ; --         ;
; MISC_FILE                ; soc_system/synthesis/submodules/sequencer/sequencer_auto_inst_init.pre.c ; --              ; --                             ; --         ;
; MISC_FILE                ; soc_system/synthesis/submodules/sequencer/sequencer_auto.pre.h           ; --              ; --                             ; --         ;
; MISC_FILE                ; soc_system/synthesis/submodules/sequencer/emif.pre.xml                   ; --              ; --                             ; --         ;
; MISC_FILE                ; soc_system/synthesis/submodules/hps.pre.xml                              ; --              ; --                             ; --         ;
; PROJECT_OUTPUT_DIRECTORY ; output_files                                                             ; --              ; --                             ; --         ;
; SLD_FILE                 ; soc_system/synthesis/soc_system.regmap                                   ; --              ; --                             ; --         ;
; SLD_FILE                 ; soc_system/synthesis/soc_system.debuginfo                                ; --              ; --                             ; --         ;
; SLD_INFO                 ; QSYS_NAME soc_system HAS_SOPCINFO 1 GENERATION_ID 1778345981             ; --              ; soc_system                     ; --         ;
; SOPCINFO_FILE            ; soc_system/synthesis/../../soc_system.sopcinfo                           ; --              ; --                             ; --         ;
; SYNTHESIS_ONLY_QIP       ; On                                                                       ; --              ; --                             ; --         ;
; TOP_LEVEL_ENTITY         ; hps_uart_bridge_top                                                      ; hps_uart_bridge ; --                             ; --         ;
+--------------------------+--------------------------------------------------------------------------+-----------------+--------------------------------+------------+


+--------------------------------------------------------------------------------------------------------------------------+
; Flow Elapsed Time                                                                                                        ;
+----------------------+--------------+-------------------------+---------------------+------------------------------------+
; Module Name          ; Elapsed Time ; Average Processors Used ; Peak Virtual Memory ; Total CPU Time (on all processors) ;
+----------------------+--------------+-------------------------+---------------------+------------------------------------+
; Analysis & Synthesis ; 00:00:22     ; 1.0                     ; 865 MB              ; 00:00:39                           ;
; Fitter               ; 00:04:43     ; 1.0                     ; 2464 MB             ; 00:07:40                           ;
; Assembler            ; 00:00:12     ; 1.0                     ; 792 MB              ; 00:00:11                           ;
; Timing Analyzer      ; 00:00:19     ; 1.6                     ; 1222 MB             ; 00:00:24                           ;
; Total                ; 00:05:36     ; --                      ; --                  ; 00:08:54                           ;
+----------------------+--------------+-------------------------+---------------------+------------------------------------+


+---------------------------------------------------------------------------------+
; Flow OS Summary                                                                 ;
+----------------------+------------------+---------+------------+----------------+
; Module Name          ; Machine Hostname ; OS Name ; OS Version ; Processor type ;
+----------------------+------------------+---------+------------+----------------+
; Analysis & Synthesis ; Petr             ; Ubuntu  ; 25         ; x86_64         ;
; Fitter               ; Petr             ; Ubuntu  ; 25         ; x86_64         ;
; Assembler            ; Petr             ; Ubuntu  ; 25         ; x86_64         ;
; Timing Analyzer      ; Petr             ; Ubuntu  ; 25         ; x86_64         ;
+----------------------+------------------+---------+------------+----------------+


------------
; Flow Log ;
------------
quartus_map --read_settings_files=on --write_settings_files=off hps_uart_bridge -c hps_uart_bridge
quartus_fit --read_settings_files=off --write_settings_files=off hps_uart_bridge -c hps_uart_bridge
quartus_asm --read_settings_files=off --write_settings_files=off hps_uart_bridge -c hps_uart_bridge
quartus_sta hps_uart_bridge -c hps_uart_bridge



